CRITICAL - 2024-11-27 08:28:11 --> TypeError: App\Controllers\Home::teste(): Return value must be of type string, none returned
[Method: GET, Route: hometeste]
in APPPATH\Controllers\Home.php on line 42.
 1 SYSTEMPATH\CodeIgniter.php(933): App\Controllers\Home->teste()
 2 SYSTEMPATH\CodeIgniter.php(509): CodeIgniter\CodeIgniter->runController(Object(App\Controllers\Home))
 3 SYSTEMPATH\CodeIgniter.php(355): CodeIgniter\CodeIgniter->handleRequest(null, Object(Config\Cache), false)
 4 SYSTEMPATH\Boot.php(325): CodeIgniter\CodeIgniter->run()
 5 SYSTEMPATH\Boot.php(67): CodeIgniter\Boot::runCodeIgniter(Object(CodeIgniter\CodeIgniter))
 6 FCPATH\index.php(56): CodeIgniter\Boot::bootWeb(Object(Config\Paths))
CRITICAL - 2024-11-27 08:55:50 --> TypeError: CodeIgniter\Database\BaseBuilder::select(): Argument #2 ($escape) must be of type ?bool, string given, called in C:\xampp\htdocs\codeex4\system\Model.php on line 930
[Method: GET, Route: hometeste]
in SYSTEMPATH\Database\BaseBuilder.php on line 398.
 1 SYSTEMPATH\Model.php(930): CodeIgniter\Database\BaseBuilder->select('nome', 'email')
 2 APPPATH\Controllers\Home.php(63): CodeIgniter\Model->__call('select', [...])
 3 SYSTEMPATH\CodeIgniter.php(933): App\Controllers\Home->teste()
 4 SYSTEMPATH\CodeIgniter.php(509): CodeIgniter\CodeIgniter->runController(Object(App\Controllers\Home))
 5 SYSTEMPATH\CodeIgniter.php(355): CodeIgniter\CodeIgniter->handleRequest(null, Object(Config\Cache), false)
 6 SYSTEMPATH\Boot.php(325): CodeIgniter\CodeIgniter->run()
 7 SYSTEMPATH\Boot.php(67): CodeIgniter\Boot::runCodeIgniter(Object(CodeIgniter\CodeIgniter))
 8 FCPATH\index.php(56): CodeIgniter\Boot::bootWeb(Object(Config\Paths))
CRITICAL - 2024-11-27 09:04:08 --> TypeError: Unsupported operand types: string - bool
[Method: GET, Route: hometeste]
in APPPATH\Controllers\Home.php on line 76.
 1 SYSTEMPATH\CodeIgniter.php(933): App\Controllers\Home->teste()
 2 SYSTEMPATH\CodeIgniter.php(509): CodeIgniter\CodeIgniter->runController(Object(App\Controllers\Home))
 3 SYSTEMPATH\CodeIgniter.php(355): CodeIgniter\CodeIgniter->handleRequest(null, Object(Config\Cache), false)
 4 SYSTEMPATH\Boot.php(325): CodeIgniter\CodeIgniter->run()
 5 SYSTEMPATH\Boot.php(67): CodeIgniter\Boot::runCodeIgniter(Object(CodeIgniter\CodeIgniter))
 6 FCPATH\index.php(56): CodeIgniter\Boot::bootWeb(Object(Config\Paths))
