CRITICAL - 2025-06-13 07:54:58 --> ErrorException: Undefined variable $modelos_por_marca
[Method: GET, Route: carros/search]
in APPPATH\Views\filters.php on line 25.
 1 APPPATH\Views\filters.php(25): CodeIgniter\Debug\Exceptions->errorHandler(2, 'Undefined variable $modelos_por_marca', 'C:\\xampp\\htdocs\\autoprime\\app\\Views\\filters.php', 25)
 2 SYSTEMPATH\View\View.php(234): include('C:\\xampp\\htdocs\\autoprime\\app\\Views\\filters.php')
 3 SYSTEMPATH\View\View.php(237): CodeIgniter\View\View->CodeIgniter\View\{closure}()
 4 SYSTEMPATH\Common.php(1171): CodeIgniter\View\View->render('filters', [], true)
 5 APPPATH\Controllers\Carros_Search.php(66): view('filters', [...])
 6 SYSTEMPATH\CodeIgniter.php(933): App\Controllers\Carros_Search->search()
 7 SYSTEMPATH\CodeIgniter.php(509): CodeIgniter\CodeIgniter->runController(Object(App\Controllers\Carros_Search))
 8 SYSTEMPATH\CodeIgniter.php(355): CodeIgniter\CodeIgniter->handleRequest(null, Object(Config\Cache), false)
 9 SYSTEMPATH\Boot.php(325): CodeIgniter\CodeIgniter->run()
10 SYSTEMPATH\Boot.php(67): CodeIgniter\Boot::runCodeIgniter(Object(CodeIgniter\CodeIgniter))
11 FCPATH\index.php(56): CodeIgniter\Boot::bootWeb(Object(Config\Paths))
CRITICAL - 2025-06-13 07:55:12 --> ErrorException: Undefined variable $modelos_por_marca
[Method: GET, Route: carros/search]
in APPPATH\Views\filters.php on line 25.
 1 APPPATH\Views\filters.php(25): CodeIgniter\Debug\Exceptions->errorHandler(2, 'Undefined variable $modelos_por_marca', 'C:\\xampp\\htdocs\\autoprime\\app\\Views\\filters.php', 25)
 2 SYSTEMPATH\View\View.php(234): include('C:\\xampp\\htdocs\\autoprime\\app\\Views\\filters.php')
 3 SYSTEMPATH\View\View.php(237): CodeIgniter\View\View->CodeIgniter\View\{closure}()
 4 SYSTEMPATH\Common.php(1171): CodeIgniter\View\View->render('filters', [], true)
 5 APPPATH\Controllers\Carros_Search.php(66): view('filters', [...])
 6 SYSTEMPATH\CodeIgniter.php(933): App\Controllers\Carros_Search->search()
 7 SYSTEMPATH\CodeIgniter.php(509): CodeIgniter\CodeIgniter->runController(Object(App\Controllers\Carros_Search))
 8 SYSTEMPATH\CodeIgniter.php(355): CodeIgniter\CodeIgniter->handleRequest(null, Object(Config\Cache), false)
 9 SYSTEMPATH\Boot.php(325): CodeIgniter\CodeIgniter->run()
10 SYSTEMPATH\Boot.php(67): CodeIgniter\Boot::runCodeIgniter(Object(CodeIgniter\CodeIgniter))
11 FCPATH\index.php(56): CodeIgniter\Boot::bootWeb(Object(Config\Paths))
CRITICAL - 2025-06-13 07:55:17 --> ErrorException: Undefined variable $modelos_por_marca
[Method: GET, Route: carros/search]
in APPPATH\Views\filters.php on line 25.
 1 APPPATH\Views\filters.php(25): CodeIgniter\Debug\Exceptions->errorHandler(2, 'Undefined variable $modelos_por_marca', 'C:\\xampp\\htdocs\\autoprime\\app\\Views\\filters.php', 25)
 2 SYSTEMPATH\View\View.php(234): include('C:\\xampp\\htdocs\\autoprime\\app\\Views\\filters.php')
 3 SYSTEMPATH\View\View.php(237): CodeIgniter\View\View->CodeIgniter\View\{closure}()
 4 SYSTEMPATH\Common.php(1171): CodeIgniter\View\View->render('filters', [], true)
 5 APPPATH\Controllers\Carros_Search.php(66): view('filters', [...])
 6 SYSTEMPATH\CodeIgniter.php(933): App\Controllers\Carros_Search->search()
 7 SYSTEMPATH\CodeIgniter.php(509): CodeIgniter\CodeIgniter->runController(Object(App\Controllers\Carros_Search))
 8 SYSTEMPATH\CodeIgniter.php(355): CodeIgniter\CodeIgniter->handleRequest(null, Object(Config\Cache), false)
 9 SYSTEMPATH\Boot.php(325): CodeIgniter\CodeIgniter->run()
10 SYSTEMPATH\Boot.php(67): CodeIgniter\Boot::runCodeIgniter(Object(CodeIgniter\CodeIgniter))
11 FCPATH\index.php(56): CodeIgniter\Boot::bootWeb(Object(Config\Paths))
CRITICAL - 2025-06-13 07:56:23 --> ErrorException: Undefined variable $modelos_por_marca
[Method: GET, Route: carros/search]
in APPPATH\Views\filters.php on line 25.
 1 APPPATH\Views\filters.php(25): CodeIgniter\Debug\Exceptions->errorHandler(2, 'Undefined variable $modelos_por_marca', 'C:\\xampp\\htdocs\\autoprime\\app\\Views\\filters.php', 25)
 2 SYSTEMPATH\View\View.php(234): include('C:\\xampp\\htdocs\\autoprime\\app\\Views\\filters.php')
 3 SYSTEMPATH\View\View.php(237): CodeIgniter\View\View->CodeIgniter\View\{closure}()
 4 SYSTEMPATH\Common.php(1171): CodeIgniter\View\View->render('filters', [], true)
 5 APPPATH\Controllers\Carros_Search.php(66): view('filters', [...])
 6 SYSTEMPATH\CodeIgniter.php(933): App\Controllers\Carros_Search->search()
 7 SYSTEMPATH\CodeIgniter.php(509): CodeIgniter\CodeIgniter->runController(Object(App\Controllers\Carros_Search))
 8 SYSTEMPATH\CodeIgniter.php(355): CodeIgniter\CodeIgniter->handleRequest(null, Object(Config\Cache), false)
 9 SYSTEMPATH\Boot.php(325): CodeIgniter\CodeIgniter->run()
10 SYSTEMPATH\Boot.php(67): CodeIgniter\Boot::runCodeIgniter(Object(CodeIgniter\CodeIgniter))
11 FCPATH\index.php(56): CodeIgniter\Boot::bootWeb(Object(Config\Paths))
CRITICAL - 2025-06-13 07:56:44 --> ErrorException: Undefined variable $modelos_por_marca
[Method: GET, Route: carros/search]
in APPPATH\Views\filters.php on line 25.
 1 APPPATH\Views\filters.php(25): CodeIgniter\Debug\Exceptions->errorHandler(2, 'Undefined variable $modelos_por_marca', 'C:\\xampp\\htdocs\\autoprime\\app\\Views\\filters.php', 25)
 2 SYSTEMPATH\View\View.php(234): include('C:\\xampp\\htdocs\\autoprime\\app\\Views\\filters.php')
 3 SYSTEMPATH\View\View.php(237): CodeIgniter\View\View->CodeIgniter\View\{closure}()
 4 SYSTEMPATH\Common.php(1171): CodeIgniter\View\View->render('filters', [], true)
 5 APPPATH\Controllers\Carros_Search.php(66): view('filters', [...])
 6 SYSTEMPATH\CodeIgniter.php(933): App\Controllers\Carros_Search->search()
 7 SYSTEMPATH\CodeIgniter.php(509): CodeIgniter\CodeIgniter->runController(Object(App\Controllers\Carros_Search))
 8 SYSTEMPATH\CodeIgniter.php(355): CodeIgniter\CodeIgniter->handleRequest(null, Object(Config\Cache), false)
 9 SYSTEMPATH\Boot.php(325): CodeIgniter\CodeIgniter->run()
10 SYSTEMPATH\Boot.php(67): CodeIgniter\Boot::runCodeIgniter(Object(CodeIgniter\CodeIgniter))
11 FCPATH\index.php(56): CodeIgniter\Boot::bootWeb(Object(Config\Paths))
CRITICAL - 2025-06-13 07:58:30 --> ErrorException: Undefined variable $modelos_por_marca
[Method: GET, Route: carros/search]
in APPPATH\Views\filters.php on line 25.
 1 APPPATH\Views\filters.php(25): CodeIgniter\Debug\Exceptions->errorHandler(2, 'Undefined variable $modelos_por_marca', 'C:\\xampp\\htdocs\\autoprime\\app\\Views\\filters.php', 25)
 2 SYSTEMPATH\View\View.php(234): include('C:\\xampp\\htdocs\\autoprime\\app\\Views\\filters.php')
 3 SYSTEMPATH\View\View.php(237): CodeIgniter\View\View->CodeIgniter\View\{closure}()
 4 SYSTEMPATH\Common.php(1171): CodeIgniter\View\View->render('filters', [], true)
 5 APPPATH\Controllers\Carros_Search.php(66): view('filters', [...])
 6 SYSTEMPATH\CodeIgniter.php(933): App\Controllers\Carros_Search->search()
 7 SYSTEMPATH\CodeIgniter.php(509): CodeIgniter\CodeIgniter->runController(Object(App\Controllers\Carros_Search))
 8 SYSTEMPATH\CodeIgniter.php(355): CodeIgniter\CodeIgniter->handleRequest(null, Object(Config\Cache), false)
 9 SYSTEMPATH\Boot.php(325): CodeIgniter\CodeIgniter->run()
10 SYSTEMPATH\Boot.php(67): CodeIgniter\Boot::runCodeIgniter(Object(CodeIgniter\CodeIgniter))
11 FCPATH\index.php(56): CodeIgniter\Boot::bootWeb(Object(Config\Paths))
CRITICAL - 2025-06-13 07:58:49 --> ErrorException: Undefined variable $modelos_por_marca
[Method: GET, Route: carros/search]
in APPPATH\Views\filters.php on line 25.
 1 APPPATH\Views\filters.php(25): CodeIgniter\Debug\Exceptions->errorHandler(2, 'Undefined variable $modelos_por_marca', 'C:\\xampp\\htdocs\\autoprime\\app\\Views\\filters.php', 25)
 2 SYSTEMPATH\View\View.php(234): include('C:\\xampp\\htdocs\\autoprime\\app\\Views\\filters.php')
 3 SYSTEMPATH\View\View.php(237): CodeIgniter\View\View->CodeIgniter\View\{closure}()
 4 SYSTEMPATH\Common.php(1171): CodeIgniter\View\View->render('filters', [], true)
 5 APPPATH\Controllers\Carros_Search.php(66): view('filters', [...])
 6 SYSTEMPATH\CodeIgniter.php(933): App\Controllers\Carros_Search->search()
 7 SYSTEMPATH\CodeIgniter.php(509): CodeIgniter\CodeIgniter->runController(Object(App\Controllers\Carros_Search))
 8 SYSTEMPATH\CodeIgniter.php(355): CodeIgniter\CodeIgniter->handleRequest(null, Object(Config\Cache), false)
 9 SYSTEMPATH\Boot.php(325): CodeIgniter\CodeIgniter->run()
10 SYSTEMPATH\Boot.php(67): CodeIgniter\Boot::runCodeIgniter(Object(CodeIgniter\CodeIgniter))
11 FCPATH\index.php(56): CodeIgniter\Boot::bootWeb(Object(Config\Paths))
CRITICAL - 2025-06-13 08:02:12 --> ErrorException: Undefined variable $modelos_por_marca
[Method: GET, Route: carros/search]
in APPPATH\Views\filters.php on line 25.
 1 APPPATH\Views\filters.php(25): CodeIgniter\Debug\Exceptions->errorHandler(2, 'Undefined variable $modelos_por_marca', 'C:\\xampp\\htdocs\\autoprime\\app\\Views\\filters.php', 25)
 2 SYSTEMPATH\View\View.php(234): include('C:\\xampp\\htdocs\\autoprime\\app\\Views\\filters.php')
 3 SYSTEMPATH\View\View.php(237): CodeIgniter\View\View->CodeIgniter\View\{closure}()
 4 SYSTEMPATH\Common.php(1171): CodeIgniter\View\View->render('filters', [], true)
 5 APPPATH\Controllers\Carros_Search.php(66): view('filters', [...])
 6 SYSTEMPATH\CodeIgniter.php(933): App\Controllers\Carros_Search->search()
 7 SYSTEMPATH\CodeIgniter.php(509): CodeIgniter\CodeIgniter->runController(Object(App\Controllers\Carros_Search))
 8 SYSTEMPATH\CodeIgniter.php(355): CodeIgniter\CodeIgniter->handleRequest(null, Object(Config\Cache), false)
 9 SYSTEMPATH\Boot.php(325): CodeIgniter\CodeIgniter->run()
10 SYSTEMPATH\Boot.php(67): CodeIgniter\Boot::runCodeIgniter(Object(CodeIgniter\CodeIgniter))
11 FCPATH\index.php(56): CodeIgniter\Boot::bootWeb(Object(Config\Paths))
CRITICAL - 2025-06-13 08:02:14 --> ErrorException: Undefined variable $modelos_por_marca
[Method: GET, Route: carros/search]
in APPPATH\Views\filters.php on line 25.
 1 APPPATH\Views\filters.php(25): CodeIgniter\Debug\Exceptions->errorHandler(2, 'Undefined variable $modelos_por_marca', 'C:\\xampp\\htdocs\\autoprime\\app\\Views\\filters.php', 25)
 2 SYSTEMPATH\View\View.php(234): include('C:\\xampp\\htdocs\\autoprime\\app\\Views\\filters.php')
 3 SYSTEMPATH\View\View.php(237): CodeIgniter\View\View->CodeIgniter\View\{closure}()
 4 SYSTEMPATH\Common.php(1171): CodeIgniter\View\View->render('filters', [], true)
 5 APPPATH\Controllers\Carros_Search.php(66): view('filters', [...])
 6 SYSTEMPATH\CodeIgniter.php(933): App\Controllers\Carros_Search->search()
 7 SYSTEMPATH\CodeIgniter.php(509): CodeIgniter\CodeIgniter->runController(Object(App\Controllers\Carros_Search))
 8 SYSTEMPATH\CodeIgniter.php(355): CodeIgniter\CodeIgniter->handleRequest(null, Object(Config\Cache), false)
 9 SYSTEMPATH\Boot.php(325): CodeIgniter\CodeIgniter->run()
10 SYSTEMPATH\Boot.php(67): CodeIgniter\Boot::runCodeIgniter(Object(CodeIgniter\CodeIgniter))
11 FCPATH\index.php(56): CodeIgniter\Boot::bootWeb(Object(Config\Paths))
CRITICAL - 2025-06-13 08:02:34 --> ErrorException: Undefined variable $modelos_por_marca
[Method: GET, Route: carros/search]
in APPPATH\Views\filters.php on line 25.
 1 APPPATH\Views\filters.php(25): CodeIgniter\Debug\Exceptions->errorHandler(2, 'Undefined variable $modelos_por_marca', 'C:\\xampp\\htdocs\\autoprime\\app\\Views\\filters.php', 25)
 2 SYSTEMPATH\View\View.php(234): include('C:\\xampp\\htdocs\\autoprime\\app\\Views\\filters.php')
 3 SYSTEMPATH\View\View.php(237): CodeIgniter\View\View->CodeIgniter\View\{closure}()
 4 SYSTEMPATH\Common.php(1171): CodeIgniter\View\View->render('filters', [], true)
 5 APPPATH\Controllers\Carros_Search.php(66): view('filters', [...])
 6 SYSTEMPATH\CodeIgniter.php(933): App\Controllers\Carros_Search->search()
 7 SYSTEMPATH\CodeIgniter.php(509): CodeIgniter\CodeIgniter->runController(Object(App\Controllers\Carros_Search))
 8 SYSTEMPATH\CodeIgniter.php(355): CodeIgniter\CodeIgniter->handleRequest(null, Object(Config\Cache), false)
 9 SYSTEMPATH\Boot.php(325): CodeIgniter\CodeIgniter->run()
10 SYSTEMPATH\Boot.php(67): CodeIgniter\Boot::runCodeIgniter(Object(CodeIgniter\CodeIgniter))
11 FCPATH\index.php(56): CodeIgniter\Boot::bootWeb(Object(Config\Paths))
CRITICAL - 2025-06-13 08:02:59 --> ErrorException: Undefined variable $modelos_por_marca
[Method: GET, Route: /]
in APPPATH\Views\filters.php on line 25.
 1 APPPATH\Views\filters.php(25): CodeIgniter\Debug\Exceptions->errorHandler(2, 'Undefined variable $modelos_por_marca', 'C:\\xampp\\htdocs\\autoprime\\app\\Views\\filters.php', 25)
 2 SYSTEMPATH\View\View.php(234): include('C:\\xampp\\htdocs\\autoprime\\app\\Views\\filters.php')
 3 SYSTEMPATH\View\View.php(237): CodeIgniter\View\View->CodeIgniter\View\{closure}()
 4 SYSTEMPATH\Common.php(1171): CodeIgniter\View\View->render('filters', [], true)
 5 APPPATH\Controllers\Home.php(49): view('filters', [...])
 6 SYSTEMPATH\CodeIgniter.php(933): App\Controllers\Home->index()
 7 SYSTEMPATH\CodeIgniter.php(509): CodeIgniter\CodeIgniter->runController(Object(App\Controllers\Home))
 8 SYSTEMPATH\CodeIgniter.php(355): CodeIgniter\CodeIgniter->handleRequest(null, Object(Config\Cache), false)
 9 SYSTEMPATH\Boot.php(325): CodeIgniter\CodeIgniter->run()
10 SYSTEMPATH\Boot.php(67): CodeIgniter\Boot::runCodeIgniter(Object(CodeIgniter\CodeIgniter))
11 FCPATH\index.php(56): CodeIgniter\Boot::bootWeb(Object(Config\Paths))
CRITICAL - 2025-06-13 08:03:01 --> ErrorException: Undefined variable $modelos_por_marca
[Method: GET, Route: /]
in APPPATH\Views\filters.php on line 25.
 1 APPPATH\Views\filters.php(25): CodeIgniter\Debug\Exceptions->errorHandler(2, 'Undefined variable $modelos_por_marca', 'C:\\xampp\\htdocs\\autoprime\\app\\Views\\filters.php', 25)
 2 SYSTEMPATH\View\View.php(234): include('C:\\xampp\\htdocs\\autoprime\\app\\Views\\filters.php')
 3 SYSTEMPATH\View\View.php(237): CodeIgniter\View\View->CodeIgniter\View\{closure}()
 4 SYSTEMPATH\Common.php(1171): CodeIgniter\View\View->render('filters', [], true)
 5 APPPATH\Controllers\Home.php(49): view('filters', [...])
 6 SYSTEMPATH\CodeIgniter.php(933): App\Controllers\Home->index()
 7 SYSTEMPATH\CodeIgniter.php(509): CodeIgniter\CodeIgniter->runController(Object(App\Controllers\Home))
 8 SYSTEMPATH\CodeIgniter.php(355): CodeIgniter\CodeIgniter->handleRequest(null, Object(Config\Cache), false)
 9 SYSTEMPATH\Boot.php(325): CodeIgniter\CodeIgniter->run()
10 SYSTEMPATH\Boot.php(67): CodeIgniter\Boot::runCodeIgniter(Object(CodeIgniter\CodeIgniter))
11 FCPATH\index.php(56): CodeIgniter\Boot::bootWeb(Object(Config\Paths))
CRITICAL - 2025-06-13 08:03:01 --> ErrorException: Undefined variable $modelos_por_marca
[Method: GET, Route: /]
in APPPATH\Views\filters.php on line 25.
 1 APPPATH\Views\filters.php(25): CodeIgniter\Debug\Exceptions->errorHandler(2, 'Undefined variable $modelos_por_marca', 'C:\\xampp\\htdocs\\autoprime\\app\\Views\\filters.php', 25)
 2 SYSTEMPATH\View\View.php(234): include('C:\\xampp\\htdocs\\autoprime\\app\\Views\\filters.php')
 3 SYSTEMPATH\View\View.php(237): CodeIgniter\View\View->CodeIgniter\View\{closure}()
 4 SYSTEMPATH\Common.php(1171): CodeIgniter\View\View->render('filters', [], true)
 5 APPPATH\Controllers\Home.php(49): view('filters', [...])
 6 SYSTEMPATH\CodeIgniter.php(933): App\Controllers\Home->index()
 7 SYSTEMPATH\CodeIgniter.php(509): CodeIgniter\CodeIgniter->runController(Object(App\Controllers\Home))
 8 SYSTEMPATH\CodeIgniter.php(355): CodeIgniter\CodeIgniter->handleRequest(null, Object(Config\Cache), false)
 9 SYSTEMPATH\Boot.php(325): CodeIgniter\CodeIgniter->run()
10 SYSTEMPATH\Boot.php(67): CodeIgniter\Boot::runCodeIgniter(Object(CodeIgniter\CodeIgniter))
11 FCPATH\index.php(56): CodeIgniter\Boot::bootWeb(Object(Config\Paths))
CRITICAL - 2025-06-13 08:03:03 --> ErrorException: Undefined variable $modelos_por_marca
[Method: GET, Route: /]
in APPPATH\Views\filters.php on line 25.
 1 APPPATH\Views\filters.php(25): CodeIgniter\Debug\Exceptions->errorHandler(2, 'Undefined variable $modelos_por_marca', 'C:\\xampp\\htdocs\\autoprime\\app\\Views\\filters.php', 25)
 2 SYSTEMPATH\View\View.php(234): include('C:\\xampp\\htdocs\\autoprime\\app\\Views\\filters.php')
 3 SYSTEMPATH\View\View.php(237): CodeIgniter\View\View->CodeIgniter\View\{closure}()
 4 SYSTEMPATH\Common.php(1171): CodeIgniter\View\View->render('filters', [], true)
 5 APPPATH\Controllers\Home.php(49): view('filters', [...])
 6 SYSTEMPATH\CodeIgniter.php(933): App\Controllers\Home->index()
 7 SYSTEMPATH\CodeIgniter.php(509): CodeIgniter\CodeIgniter->runController(Object(App\Controllers\Home))
 8 SYSTEMPATH\CodeIgniter.php(355): CodeIgniter\CodeIgniter->handleRequest(null, Object(Config\Cache), false)
 9 SYSTEMPATH\Boot.php(325): CodeIgniter\CodeIgniter->run()
10 SYSTEMPATH\Boot.php(67): CodeIgniter\Boot::runCodeIgniter(Object(CodeIgniter\CodeIgniter))
11 FCPATH\index.php(56): CodeIgniter\Boot::bootWeb(Object(Config\Paths))
CRITICAL - 2025-06-13 08:03:14 --> ErrorException: Undefined variable $modelos_por_marca
[Method: GET, Route: /]
in APPPATH\Views\filters.php on line 25.
 1 APPPATH\Views\filters.php(25): CodeIgniter\Debug\Exceptions->errorHandler(2, 'Undefined variable $modelos_por_marca', 'C:\\xampp\\htdocs\\autoprime\\app\\Views\\filters.php', 25)
 2 SYSTEMPATH\View\View.php(234): include('C:\\xampp\\htdocs\\autoprime\\app\\Views\\filters.php')
 3 SYSTEMPATH\View\View.php(237): CodeIgniter\View\View->CodeIgniter\View\{closure}()
 4 SYSTEMPATH\Common.php(1171): CodeIgniter\View\View->render('filters', [], true)
 5 APPPATH\Controllers\Home.php(47): view('filters', [...])
 6 SYSTEMPATH\CodeIgniter.php(933): App\Controllers\Home->index()
 7 SYSTEMPATH\CodeIgniter.php(509): CodeIgniter\CodeIgniter->runController(Object(App\Controllers\Home))
 8 SYSTEMPATH\CodeIgniter.php(355): CodeIgniter\CodeIgniter->handleRequest(null, Object(Config\Cache), false)
 9 SYSTEMPATH\Boot.php(325): CodeIgniter\CodeIgniter->run()
10 SYSTEMPATH\Boot.php(67): CodeIgniter\Boot::runCodeIgniter(Object(CodeIgniter\CodeIgniter))
11 FCPATH\index.php(56): CodeIgniter\Boot::bootWeb(Object(Config\Paths))
CRITICAL - 2025-06-13 08:03:15 --> ErrorException: Undefined variable $modelos_por_marca
[Method: GET, Route: /]
in APPPATH\Views\filters.php on line 25.
 1 APPPATH\Views\filters.php(25): CodeIgniter\Debug\Exceptions->errorHandler(2, 'Undefined variable $modelos_por_marca', 'C:\\xampp\\htdocs\\autoprime\\app\\Views\\filters.php', 25)
 2 SYSTEMPATH\View\View.php(234): include('C:\\xampp\\htdocs\\autoprime\\app\\Views\\filters.php')
 3 SYSTEMPATH\View\View.php(237): CodeIgniter\View\View->CodeIgniter\View\{closure}()
 4 SYSTEMPATH\Common.php(1171): CodeIgniter\View\View->render('filters', [], true)
 5 APPPATH\Controllers\Home.php(47): view('filters', [...])
 6 SYSTEMPATH\CodeIgniter.php(933): App\Controllers\Home->index()
 7 SYSTEMPATH\CodeIgniter.php(509): CodeIgniter\CodeIgniter->runController(Object(App\Controllers\Home))
 8 SYSTEMPATH\CodeIgniter.php(355): CodeIgniter\CodeIgniter->handleRequest(null, Object(Config\Cache), false)
 9 SYSTEMPATH\Boot.php(325): CodeIgniter\CodeIgniter->run()
10 SYSTEMPATH\Boot.php(67): CodeIgniter\Boot::runCodeIgniter(Object(CodeIgniter\CodeIgniter))
11 FCPATH\index.php(56): CodeIgniter\Boot::bootWeb(Object(Config\Paths))
CRITICAL - 2025-06-13 08:04:11 --> BadMethodCallException: Call to undefined method App\Models\CarroModel::getModelosPorMarca
[Method: GET, Route: /]
in SYSTEMPATH\Model.php on line 932.
 1 APPPATH\Controllers\Home.php(35): CodeIgniter\Model->__call('getModelosPorMarca', [])
 2 SYSTEMPATH\CodeIgniter.php(933): App\Controllers\Home->index()
 3 SYSTEMPATH\CodeIgniter.php(509): CodeIgniter\CodeIgniter->runController(Object(App\Controllers\Home))
 4 SYSTEMPATH\CodeIgniter.php(355): CodeIgniter\CodeIgniter->handleRequest(null, Object(Config\Cache), false)
 5 SYSTEMPATH\Boot.php(325): CodeIgniter\CodeIgniter->run()
 6 SYSTEMPATH\Boot.php(67): CodeIgniter\Boot::runCodeIgniter(Object(CodeIgniter\CodeIgniter))
 7 FCPATH\index.php(56): CodeIgniter\Boot::bootWeb(Object(Config\Paths))
CRITICAL - 2025-06-13 08:04:12 --> ErrorException: Undefined variable $modelos_por_marca
[Method: GET, Route: /]
in APPPATH\Views\filters.php on line 25.
 1 APPPATH\Views\filters.php(25): CodeIgniter\Debug\Exceptions->errorHandler(2, 'Undefined variable $modelos_por_marca', 'C:\\xampp\\htdocs\\autoprime\\app\\Views\\filters.php', 25)
 2 SYSTEMPATH\View\View.php(234): include('C:\\xampp\\htdocs\\autoprime\\app\\Views\\filters.php')
 3 SYSTEMPATH\View\View.php(237): CodeIgniter\View\View->CodeIgniter\View\{closure}()
 4 SYSTEMPATH\Common.php(1171): CodeIgniter\View\View->render('filters', [], true)
 5 APPPATH\Controllers\Home.php(49): view('filters', [...])
 6 SYSTEMPATH\CodeIgniter.php(933): App\Controllers\Home->index()
 7 SYSTEMPATH\CodeIgniter.php(509): CodeIgniter\CodeIgniter->runController(Object(App\Controllers\Home))
 8 SYSTEMPATH\CodeIgniter.php(355): CodeIgniter\CodeIgniter->handleRequest(null, Object(Config\Cache), false)
 9 SYSTEMPATH\Boot.php(325): CodeIgniter\CodeIgniter->run()
10 SYSTEMPATH\Boot.php(67): CodeIgniter\Boot::runCodeIgniter(Object(CodeIgniter\CodeIgniter))
11 FCPATH\index.php(56): CodeIgniter\Boot::bootWeb(Object(Config\Paths))
CRITICAL - 2025-06-13 08:04:12 --> ErrorException: Undefined variable $modelos_por_marca
[Method: GET, Route: /]
in APPPATH\Views\filters.php on line 25.
 1 APPPATH\Views\filters.php(25): CodeIgniter\Debug\Exceptions->errorHandler(2, 'Undefined variable $modelos_por_marca', 'C:\\xampp\\htdocs\\autoprime\\app\\Views\\filters.php', 25)
 2 SYSTEMPATH\View\View.php(234): include('C:\\xampp\\htdocs\\autoprime\\app\\Views\\filters.php')
 3 SYSTEMPATH\View\View.php(237): CodeIgniter\View\View->CodeIgniter\View\{closure}()
 4 SYSTEMPATH\Common.php(1171): CodeIgniter\View\View->render('filters', [], true)
 5 APPPATH\Controllers\Home.php(49): view('filters', [...])
 6 SYSTEMPATH\CodeIgniter.php(933): App\Controllers\Home->index()
 7 SYSTEMPATH\CodeIgniter.php(509): CodeIgniter\CodeIgniter->runController(Object(App\Controllers\Home))
 8 SYSTEMPATH\CodeIgniter.php(355): CodeIgniter\CodeIgniter->handleRequest(null, Object(Config\Cache), false)
 9 SYSTEMPATH\Boot.php(325): CodeIgniter\CodeIgniter->run()
10 SYSTEMPATH\Boot.php(67): CodeIgniter\Boot::runCodeIgniter(Object(CodeIgniter\CodeIgniter))
11 FCPATH\index.php(56): CodeIgniter\Boot::bootWeb(Object(Config\Paths))
CRITICAL - 2025-06-13 08:04:12 --> ErrorException: Undefined variable $modelos_por_marca
[Method: GET, Route: /]
in APPPATH\Views\filters.php on line 25.
 1 APPPATH\Views\filters.php(25): CodeIgniter\Debug\Exceptions->errorHandler(2, 'Undefined variable $modelos_por_marca', 'C:\\xampp\\htdocs\\autoprime\\app\\Views\\filters.php', 25)
 2 SYSTEMPATH\View\View.php(234): include('C:\\xampp\\htdocs\\autoprime\\app\\Views\\filters.php')
 3 SYSTEMPATH\View\View.php(237): CodeIgniter\View\View->CodeIgniter\View\{closure}()
 4 SYSTEMPATH\Common.php(1171): CodeIgniter\View\View->render('filters', [], true)
 5 APPPATH\Controllers\Home.php(49): view('filters', [...])
 6 SYSTEMPATH\CodeIgniter.php(933): App\Controllers\Home->index()
 7 SYSTEMPATH\CodeIgniter.php(509): CodeIgniter\CodeIgniter->runController(Object(App\Controllers\Home))
 8 SYSTEMPATH\CodeIgniter.php(355): CodeIgniter\CodeIgniter->handleRequest(null, Object(Config\Cache), false)
 9 SYSTEMPATH\Boot.php(325): CodeIgniter\CodeIgniter->run()
10 SYSTEMPATH\Boot.php(67): CodeIgniter\Boot::runCodeIgniter(Object(CodeIgniter\CodeIgniter))
11 FCPATH\index.php(56): CodeIgniter\Boot::bootWeb(Object(Config\Paths))
CRITICAL - 2025-06-13 08:04:22 --> ErrorException: Undefined variable $modelos_por_marca
[Method: GET, Route: /]
in APPPATH\Views\filters.php on line 25.
 1 APPPATH\Views\filters.php(25): CodeIgniter\Debug\Exceptions->errorHandler(2, 'Undefined variable $modelos_por_marca', 'C:\\xampp\\htdocs\\autoprime\\app\\Views\\filters.php', 25)
 2 SYSTEMPATH\View\View.php(234): include('C:\\xampp\\htdocs\\autoprime\\app\\Views\\filters.php')
 3 SYSTEMPATH\View\View.php(237): CodeIgniter\View\View->CodeIgniter\View\{closure}()
 4 SYSTEMPATH\Common.php(1171): CodeIgniter\View\View->render('filters', [], true)
 5 APPPATH\Controllers\Home.php(47): view('filters', [...])
 6 SYSTEMPATH\CodeIgniter.php(933): App\Controllers\Home->index()
 7 SYSTEMPATH\CodeIgniter.php(509): CodeIgniter\CodeIgniter->runController(Object(App\Controllers\Home))
 8 SYSTEMPATH\CodeIgniter.php(355): CodeIgniter\CodeIgniter->handleRequest(null, Object(Config\Cache), false)
 9 SYSTEMPATH\Boot.php(325): CodeIgniter\CodeIgniter->run()
10 SYSTEMPATH\Boot.php(67): CodeIgniter\Boot::runCodeIgniter(Object(CodeIgniter\CodeIgniter))
11 FCPATH\index.php(56): CodeIgniter\Boot::bootWeb(Object(Config\Paths))
CRITICAL - 2025-06-13 08:04:26 --> ErrorException: Undefined variable $modelos_por_marca
[Method: GET, Route: /]
in APPPATH\Views\filters.php on line 25.
 1 APPPATH\Views\filters.php(25): CodeIgniter\Debug\Exceptions->errorHandler(2, 'Undefined variable $modelos_por_marca', 'C:\\xampp\\htdocs\\autoprime\\app\\Views\\filters.php', 25)
 2 SYSTEMPATH\View\View.php(234): include('C:\\xampp\\htdocs\\autoprime\\app\\Views\\filters.php')
 3 SYSTEMPATH\View\View.php(237): CodeIgniter\View\View->CodeIgniter\View\{closure}()
 4 SYSTEMPATH\Common.php(1171): CodeIgniter\View\View->render('filters', [], true)
 5 APPPATH\Controllers\Home.php(47): view('filters', [...])
 6 SYSTEMPATH\CodeIgniter.php(933): App\Controllers\Home->index()
 7 SYSTEMPATH\CodeIgniter.php(509): CodeIgniter\CodeIgniter->runController(Object(App\Controllers\Home))
 8 SYSTEMPATH\CodeIgniter.php(355): CodeIgniter\CodeIgniter->handleRequest(null, Object(Config\Cache), false)
 9 SYSTEMPATH\Boot.php(325): CodeIgniter\CodeIgniter->run()
10 SYSTEMPATH\Boot.php(67): CodeIgniter\Boot::runCodeIgniter(Object(CodeIgniter\CodeIgniter))
11 FCPATH\index.php(56): CodeIgniter\Boot::bootWeb(Object(Config\Paths))
CRITICAL - 2025-06-13 08:04:28 --> ErrorException: Undefined variable $modelos_por_marca
[Method: GET, Route: /]
in APPPATH\Views\filters.php on line 25.
 1 APPPATH\Views\filters.php(25): CodeIgniter\Debug\Exceptions->errorHandler(2, 'Undefined variable $modelos_por_marca', 'C:\\xampp\\htdocs\\autoprime\\app\\Views\\filters.php', 25)
 2 SYSTEMPATH\View\View.php(234): include('C:\\xampp\\htdocs\\autoprime\\app\\Views\\filters.php')
 3 SYSTEMPATH\View\View.php(237): CodeIgniter\View\View->CodeIgniter\View\{closure}()
 4 SYSTEMPATH\Common.php(1171): CodeIgniter\View\View->render('filters', [], true)
 5 APPPATH\Controllers\Home.php(47): view('filters', [...])
 6 SYSTEMPATH\CodeIgniter.php(933): App\Controllers\Home->index()
 7 SYSTEMPATH\CodeIgniter.php(509): CodeIgniter\CodeIgniter->runController(Object(App\Controllers\Home))
 8 SYSTEMPATH\CodeIgniter.php(355): CodeIgniter\CodeIgniter->handleRequest(null, Object(Config\Cache), false)
 9 SYSTEMPATH\Boot.php(325): CodeIgniter\CodeIgniter->run()
10 SYSTEMPATH\Boot.php(67): CodeIgniter\Boot::runCodeIgniter(Object(CodeIgniter\CodeIgniter))
11 FCPATH\index.php(56): CodeIgniter\Boot::bootWeb(Object(Config\Paths))
CRITICAL - 2025-06-13 08:04:28 --> ErrorException: Undefined variable $modelos_por_marca
[Method: GET, Route: /]
in APPPATH\Views\filters.php on line 25.
 1 APPPATH\Views\filters.php(25): CodeIgniter\Debug\Exceptions->errorHandler(2, 'Undefined variable $modelos_por_marca', 'C:\\xampp\\htdocs\\autoprime\\app\\Views\\filters.php', 25)
 2 SYSTEMPATH\View\View.php(234): include('C:\\xampp\\htdocs\\autoprime\\app\\Views\\filters.php')
 3 SYSTEMPATH\View\View.php(237): CodeIgniter\View\View->CodeIgniter\View\{closure}()
 4 SYSTEMPATH\Common.php(1171): CodeIgniter\View\View->render('filters', [], true)
 5 APPPATH\Controllers\Home.php(47): view('filters', [...])
 6 SYSTEMPATH\CodeIgniter.php(933): App\Controllers\Home->index()
 7 SYSTEMPATH\CodeIgniter.php(509): CodeIgniter\CodeIgniter->runController(Object(App\Controllers\Home))
 8 SYSTEMPATH\CodeIgniter.php(355): CodeIgniter\CodeIgniter->handleRequest(null, Object(Config\Cache), false)
 9 SYSTEMPATH\Boot.php(325): CodeIgniter\CodeIgniter->run()
10 SYSTEMPATH\Boot.php(67): CodeIgniter\Boot::runCodeIgniter(Object(CodeIgniter\CodeIgniter))
11 FCPATH\index.php(56): CodeIgniter\Boot::bootWeb(Object(Config\Paths))
CRITICAL - 2025-06-13 08:04:28 --> ErrorException: Undefined variable $modelos_por_marca
[Method: GET, Route: /]
in APPPATH\Views\filters.php on line 25.
 1 APPPATH\Views\filters.php(25): CodeIgniter\Debug\Exceptions->errorHandler(2, 'Undefined variable $modelos_por_marca', 'C:\\xampp\\htdocs\\autoprime\\app\\Views\\filters.php', 25)
 2 SYSTEMPATH\View\View.php(234): include('C:\\xampp\\htdocs\\autoprime\\app\\Views\\filters.php')
 3 SYSTEMPATH\View\View.php(237): CodeIgniter\View\View->CodeIgniter\View\{closure}()
 4 SYSTEMPATH\Common.php(1171): CodeIgniter\View\View->render('filters', [], true)
 5 APPPATH\Controllers\Home.php(47): view('filters', [...])
 6 SYSTEMPATH\CodeIgniter.php(933): App\Controllers\Home->index()
 7 SYSTEMPATH\CodeIgniter.php(509): CodeIgniter\CodeIgniter->runController(Object(App\Controllers\Home))
 8 SYSTEMPATH\CodeIgniter.php(355): CodeIgniter\CodeIgniter->handleRequest(null, Object(Config\Cache), false)
 9 SYSTEMPATH\Boot.php(325): CodeIgniter\CodeIgniter->run()
10 SYSTEMPATH\Boot.php(67): CodeIgniter\Boot::runCodeIgniter(Object(CodeIgniter\CodeIgniter))
11 FCPATH\index.php(56): CodeIgniter\Boot::bootWeb(Object(Config\Paths))
CRITICAL - 2025-06-13 08:04:29 --> ErrorException: Undefined variable $modelos_por_marca
[Method: GET, Route: /]
in APPPATH\Views\filters.php on line 25.
 1 APPPATH\Views\filters.php(25): CodeIgniter\Debug\Exceptions->errorHandler(2, 'Undefined variable $modelos_por_marca', 'C:\\xampp\\htdocs\\autoprime\\app\\Views\\filters.php', 25)
 2 SYSTEMPATH\View\View.php(234): include('C:\\xampp\\htdocs\\autoprime\\app\\Views\\filters.php')
 3 SYSTEMPATH\View\View.php(237): CodeIgniter\View\View->CodeIgniter\View\{closure}()
 4 SYSTEMPATH\Common.php(1171): CodeIgniter\View\View->render('filters', [], true)
 5 APPPATH\Controllers\Home.php(47): view('filters', [...])
 6 SYSTEMPATH\CodeIgniter.php(933): App\Controllers\Home->index()
 7 SYSTEMPATH\CodeIgniter.php(509): CodeIgniter\CodeIgniter->runController(Object(App\Controllers\Home))
 8 SYSTEMPATH\CodeIgniter.php(355): CodeIgniter\CodeIgniter->handleRequest(null, Object(Config\Cache), false)
 9 SYSTEMPATH\Boot.php(325): CodeIgniter\CodeIgniter->run()
10 SYSTEMPATH\Boot.php(67): CodeIgniter\Boot::runCodeIgniter(Object(CodeIgniter\CodeIgniter))
11 FCPATH\index.php(56): CodeIgniter\Boot::bootWeb(Object(Config\Paths))
CRITICAL - 2025-06-13 08:04:29 --> ErrorException: Undefined variable $modelos_por_marca
[Method: GET, Route: /]
in APPPATH\Views\filters.php on line 25.
 1 APPPATH\Views\filters.php(25): CodeIgniter\Debug\Exceptions->errorHandler(2, 'Undefined variable $modelos_por_marca', 'C:\\xampp\\htdocs\\autoprime\\app\\Views\\filters.php', 25)
 2 SYSTEMPATH\View\View.php(234): include('C:\\xampp\\htdocs\\autoprime\\app\\Views\\filters.php')
 3 SYSTEMPATH\View\View.php(237): CodeIgniter\View\View->CodeIgniter\View\{closure}()
 4 SYSTEMPATH\Common.php(1171): CodeIgniter\View\View->render('filters', [], true)
 5 APPPATH\Controllers\Home.php(47): view('filters', [...])
 6 SYSTEMPATH\CodeIgniter.php(933): App\Controllers\Home->index()
 7 SYSTEMPATH\CodeIgniter.php(509): CodeIgniter\CodeIgniter->runController(Object(App\Controllers\Home))
 8 SYSTEMPATH\CodeIgniter.php(355): CodeIgniter\CodeIgniter->handleRequest(null, Object(Config\Cache), false)
 9 SYSTEMPATH\Boot.php(325): CodeIgniter\CodeIgniter->run()
10 SYSTEMPATH\Boot.php(67): CodeIgniter\Boot::runCodeIgniter(Object(CodeIgniter\CodeIgniter))
11 FCPATH\index.php(56): CodeIgniter\Boot::bootWeb(Object(Config\Paths))
CRITICAL - 2025-06-13 08:11:46 --> ErrorException: Undefined variable $filtros
[Method: GET, Route: /]
in APPPATH\Controllers\Home.php on line 50.
 1 APPPATH\Controllers\Home.php(50): CodeIgniter\Debug\Exceptions->errorHandler(2, 'Undefined variable $filtros', 'C:\\xampp\\htdocs\\autoprime\\app\\Controllers\\Home.php', 50)
 2 SYSTEMPATH\CodeIgniter.php(933): App\Controllers\Home->index()
 3 SYSTEMPATH\CodeIgniter.php(509): CodeIgniter\CodeIgniter->runController(Object(App\Controllers\Home))
 4 SYSTEMPATH\CodeIgniter.php(355): CodeIgniter\CodeIgniter->handleRequest(null, Object(Config\Cache), false)
 5 SYSTEMPATH\Boot.php(325): CodeIgniter\CodeIgniter->run()
 6 SYSTEMPATH\Boot.php(67): CodeIgniter\Boot::runCodeIgniter(Object(CodeIgniter\CodeIgniter))
 7 FCPATH\index.php(56): CodeIgniter\Boot::bootWeb(Object(Config\Paths))
CRITICAL - 2025-06-13 08:11:48 --> ErrorException: Undefined variable $filtros
[Method: GET, Route: /]
in APPPATH\Controllers\Home.php on line 50.
 1 APPPATH\Controllers\Home.php(50): CodeIgniter\Debug\Exceptions->errorHandler(2, 'Undefined variable $filtros', 'C:\\xampp\\htdocs\\autoprime\\app\\Controllers\\Home.php', 50)
 2 SYSTEMPATH\CodeIgniter.php(933): App\Controllers\Home->index()
 3 SYSTEMPATH\CodeIgniter.php(509): CodeIgniter\CodeIgniter->runController(Object(App\Controllers\Home))
 4 SYSTEMPATH\CodeIgniter.php(355): CodeIgniter\CodeIgniter->handleRequest(null, Object(Config\Cache), false)
 5 SYSTEMPATH\Boot.php(325): CodeIgniter\CodeIgniter->run()
 6 SYSTEMPATH\Boot.php(67): CodeIgniter\Boot::runCodeIgniter(Object(CodeIgniter\CodeIgniter))
 7 FCPATH\index.php(56): CodeIgniter\Boot::bootWeb(Object(Config\Paths))
CRITICAL - 2025-06-13 08:24:24 --> ErrorException: Undefined variable $modelos_por_marca
[Method: GET, Route: carros/search]
in APPPATH\Views\filters.php on line 25.
 1 APPPATH\Views\filters.php(25): CodeIgniter\Debug\Exceptions->errorHandler(2, 'Undefined variable $modelos_por_marca', 'C:\\xampp\\htdocs\\autoprime\\app\\Views\\filters.php', 25)
 2 SYSTEMPATH\View\View.php(234): include('C:\\xampp\\htdocs\\autoprime\\app\\Views\\filters.php')
 3 SYSTEMPATH\View\View.php(237): CodeIgniter\View\View->CodeIgniter\View\{closure}()
 4 SYSTEMPATH\Common.php(1171): CodeIgniter\View\View->render('filters', [], true)
 5 APPPATH\Controllers\Carros_Search.php(67): view('filters', [...])
 6 SYSTEMPATH\CodeIgniter.php(933): App\Controllers\Carros_Search->search()
 7 SYSTEMPATH\CodeIgniter.php(509): CodeIgniter\CodeIgniter->runController(Object(App\Controllers\Carros_Search))
 8 SYSTEMPATH\CodeIgniter.php(355): CodeIgniter\CodeIgniter->handleRequest(null, Object(Config\Cache), false)
 9 SYSTEMPATH\Boot.php(325): CodeIgniter\CodeIgniter->run()
10 SYSTEMPATH\Boot.php(67): CodeIgniter\Boot::runCodeIgniter(Object(CodeIgniter\CodeIgniter))
11 FCPATH\index.php(56): CodeIgniter\Boot::bootWeb(Object(Config\Paths))
CRITICAL - 2025-06-13 08:24:28 --> ErrorException: Undefined variable $modelos_por_marca
[Method: GET, Route: carros/search]
in APPPATH\Views\filters.php on line 25.
 1 APPPATH\Views\filters.php(25): CodeIgniter\Debug\Exceptions->errorHandler(2, 'Undefined variable $modelos_por_marca', 'C:\\xampp\\htdocs\\autoprime\\app\\Views\\filters.php', 25)
 2 SYSTEMPATH\View\View.php(234): include('C:\\xampp\\htdocs\\autoprime\\app\\Views\\filters.php')
 3 SYSTEMPATH\View\View.php(237): CodeIgniter\View\View->CodeIgniter\View\{closure}()
 4 SYSTEMPATH\Common.php(1171): CodeIgniter\View\View->render('filters', [], true)
 5 APPPATH\Controllers\Carros_Search.php(67): view('filters', [...])
 6 SYSTEMPATH\CodeIgniter.php(933): App\Controllers\Carros_Search->search()
 7 SYSTEMPATH\CodeIgniter.php(509): CodeIgniter\CodeIgniter->runController(Object(App\Controllers\Carros_Search))
 8 SYSTEMPATH\CodeIgniter.php(355): CodeIgniter\CodeIgniter->handleRequest(null, Object(Config\Cache), false)
 9 SYSTEMPATH\Boot.php(325): CodeIgniter\CodeIgniter->run()
10 SYSTEMPATH\Boot.php(67): CodeIgniter\Boot::runCodeIgniter(Object(CodeIgniter\CodeIgniter))
11 FCPATH\index.php(56): CodeIgniter\Boot::bootWeb(Object(Config\Paths))
CRITICAL - 2025-06-13 08:24:28 --> ErrorException: Undefined variable $modelos_por_marca
[Method: GET, Route: carros/search]
in APPPATH\Views\filters.php on line 25.
 1 APPPATH\Views\filters.php(25): CodeIgniter\Debug\Exceptions->errorHandler(2, 'Undefined variable $modelos_por_marca', 'C:\\xampp\\htdocs\\autoprime\\app\\Views\\filters.php', 25)
 2 SYSTEMPATH\View\View.php(234): include('C:\\xampp\\htdocs\\autoprime\\app\\Views\\filters.php')
 3 SYSTEMPATH\View\View.php(237): CodeIgniter\View\View->CodeIgniter\View\{closure}()
 4 SYSTEMPATH\Common.php(1171): CodeIgniter\View\View->render('filters', [], true)
 5 APPPATH\Controllers\Carros_Search.php(67): view('filters', [...])
 6 SYSTEMPATH\CodeIgniter.php(933): App\Controllers\Carros_Search->search()
 7 SYSTEMPATH\CodeIgniter.php(509): CodeIgniter\CodeIgniter->runController(Object(App\Controllers\Carros_Search))
 8 SYSTEMPATH\CodeIgniter.php(355): CodeIgniter\CodeIgniter->handleRequest(null, Object(Config\Cache), false)
 9 SYSTEMPATH\Boot.php(325): CodeIgniter\CodeIgniter->run()
10 SYSTEMPATH\Boot.php(67): CodeIgniter\Boot::runCodeIgniter(Object(CodeIgniter\CodeIgniter))
11 FCPATH\index.php(56): CodeIgniter\Boot::bootWeb(Object(Config\Paths))
CRITICAL - 2025-06-13 08:24:28 --> ErrorException: Undefined variable $modelos_por_marca
[Method: GET, Route: carros/search]
in APPPATH\Views\filters.php on line 25.
 1 APPPATH\Views\filters.php(25): CodeIgniter\Debug\Exceptions->errorHandler(2, 'Undefined variable $modelos_por_marca', 'C:\\xampp\\htdocs\\autoprime\\app\\Views\\filters.php', 25)
 2 SYSTEMPATH\View\View.php(234): include('C:\\xampp\\htdocs\\autoprime\\app\\Views\\filters.php')
 3 SYSTEMPATH\View\View.php(237): CodeIgniter\View\View->CodeIgniter\View\{closure}()
 4 SYSTEMPATH\Common.php(1171): CodeIgniter\View\View->render('filters', [], true)
 5 APPPATH\Controllers\Carros_Search.php(67): view('filters', [...])
 6 SYSTEMPATH\CodeIgniter.php(933): App\Controllers\Carros_Search->search()
 7 SYSTEMPATH\CodeIgniter.php(509): CodeIgniter\CodeIgniter->runController(Object(App\Controllers\Carros_Search))
 8 SYSTEMPATH\CodeIgniter.php(355): CodeIgniter\CodeIgniter->handleRequest(null, Object(Config\Cache), false)
 9 SYSTEMPATH\Boot.php(325): CodeIgniter\CodeIgniter->run()
10 SYSTEMPATH\Boot.php(67): CodeIgniter\Boot::runCodeIgniter(Object(CodeIgniter\CodeIgniter))
11 FCPATH\index.php(56): CodeIgniter\Boot::bootWeb(Object(Config\Paths))
CRITICAL - 2025-06-13 08:24:28 --> ErrorException: Undefined variable $modelos_por_marca
[Method: GET, Route: carros/search]
in APPPATH\Views\filters.php on line 25.
 1 APPPATH\Views\filters.php(25): CodeIgniter\Debug\Exceptions->errorHandler(2, 'Undefined variable $modelos_por_marca', 'C:\\xampp\\htdocs\\autoprime\\app\\Views\\filters.php', 25)
 2 SYSTEMPATH\View\View.php(234): include('C:\\xampp\\htdocs\\autoprime\\app\\Views\\filters.php')
 3 SYSTEMPATH\View\View.php(237): CodeIgniter\View\View->CodeIgniter\View\{closure}()
 4 SYSTEMPATH\Common.php(1171): CodeIgniter\View\View->render('filters', [], true)
 5 APPPATH\Controllers\Carros_Search.php(67): view('filters', [...])
 6 SYSTEMPATH\CodeIgniter.php(933): App\Controllers\Carros_Search->search()
 7 SYSTEMPATH\CodeIgniter.php(509): CodeIgniter\CodeIgniter->runController(Object(App\Controllers\Carros_Search))
 8 SYSTEMPATH\CodeIgniter.php(355): CodeIgniter\CodeIgniter->handleRequest(null, Object(Config\Cache), false)
 9 SYSTEMPATH\Boot.php(325): CodeIgniter\CodeIgniter->run()
10 SYSTEMPATH\Boot.php(67): CodeIgniter\Boot::runCodeIgniter(Object(CodeIgniter\CodeIgniter))
11 FCPATH\index.php(56): CodeIgniter\Boot::bootWeb(Object(Config\Paths))
INFO - 2025-06-13 08:24:44 --> Session: Class initialized using 'CodeIgniter\Session\Handlers\FileHandler' driver.
CRITICAL - 2025-06-13 08:24:44 --> ErrorException: Undefined variable $modelos_por_marca
[Method: GET, Route: carros/search]
in APPPATH\Views\filters.php on line 25.
 1 APPPATH\Views\filters.php(25): CodeIgniter\Debug\Exceptions->errorHandler(2, 'Undefined variable $modelos_por_marca', 'C:\\xampp\\htdocs\\autoprime\\app\\Views\\filters.php', 25)
 2 SYSTEMPATH\View\View.php(234): include('C:\\xampp\\htdocs\\autoprime\\app\\Views\\filters.php')
 3 SYSTEMPATH\View\View.php(237): CodeIgniter\View\View->CodeIgniter\View\{closure}()
 4 SYSTEMPATH\Common.php(1171): CodeIgniter\View\View->render('filters', [], true)
 5 APPPATH\Controllers\Carros_Search.php(67): view('filters', [...])
 6 SYSTEMPATH\CodeIgniter.php(933): App\Controllers\Carros_Search->search()
 7 SYSTEMPATH\CodeIgniter.php(509): CodeIgniter\CodeIgniter->runController(Object(App\Controllers\Carros_Search))
 8 SYSTEMPATH\CodeIgniter.php(355): CodeIgniter\CodeIgniter->handleRequest(null, Object(Config\Cache), false)
 9 SYSTEMPATH\Boot.php(325): CodeIgniter\CodeIgniter->run()
10 SYSTEMPATH\Boot.php(67): CodeIgniter\Boot::runCodeIgniter(Object(CodeIgniter\CodeIgniter))
11 FCPATH\index.php(56): CodeIgniter\Boot::bootWeb(Object(Config\Paths))
INFO - 2025-06-13 08:24:53 --> Session: Class initialized using 'CodeIgniter\Session\Handlers\FileHandler' driver.
INFO - 2025-06-13 08:24:56 --> Session: Class initialized using 'CodeIgniter\Session\Handlers\FileHandler' driver.
INFO - 2025-06-13 08:25:00 --> Session: Class initialized using 'CodeIgniter\Session\Handlers\FileHandler' driver.
INFO - 2025-06-13 08:25:02 --> Session: Class initialized using 'CodeIgniter\Session\Handlers\FileHandler' driver.
INFO - 2025-06-13 08:25:26 --> Session: Class initialized using 'CodeIgniter\Session\Handlers\FileHandler' driver.
INFO - 2025-06-13 08:25:27 --> Session: Class initialized using 'CodeIgniter\Session\Handlers\FileHandler' driver.
INFO - 2025-06-13 08:25:40 --> Session: Class initialized using 'CodeIgniter\Session\Handlers\FileHandler' driver.
INFO - 2025-06-13 08:25:44 --> Session: Class initialized using 'CodeIgniter\Session\Handlers\FileHandler' driver.
INFO - 2025-06-13 08:25:46 --> Session: Class initialized using 'CodeIgniter\Session\Handlers\FileHandler' driver.
INFO - 2025-06-13 08:25:47 --> Session: Class initialized using 'CodeIgniter\Session\Handlers\FileHandler' driver.
INFO - 2025-06-13 08:25:49 --> Session: Class initialized using 'CodeIgniter\Session\Handlers\FileHandler' driver.
INFO - 2025-06-13 08:25:51 --> Session: Class initialized using 'CodeIgniter\Session\Handlers\FileHandler' driver.
INFO - 2025-06-13 08:25:58 --> Session: Class initialized using 'CodeIgniter\Session\Handlers\FileHandler' driver.
INFO - 2025-06-13 08:28:28 --> Session: Class initialized using 'CodeIgniter\Session\Handlers\FileHandler' driver.
INFO - 2025-06-13 08:28:32 --> Session: Class initialized using 'CodeIgniter\Session\Handlers\FileHandler' driver.
INFO - 2025-06-13 08:28:42 --> Session: Class initialized using 'CodeIgniter\Session\Handlers\FileHandler' driver.
INFO - 2025-06-13 08:28:43 --> Session: Class initialized using 'CodeIgniter\Session\Handlers\FileHandler' driver.
INFO - 2025-06-13 08:29:20 --> Session: Class initialized using 'CodeIgniter\Session\Handlers\FileHandler' driver.
INFO - 2025-06-13 08:29:22 --> Session: Class initialized using 'CodeIgniter\Session\Handlers\FileHandler' driver.
